-------------------------------------------------------------------------------
Test set: com.sddvops.fast_food_menu_app.MenuAppTest
-------------------------------------------------------------------------------
Tests run: 3, Failures: 1, Errors: 0, Skipped: 0, Time elapsed: 0.141 s <<< FAILURE! - in com.sddvops.fast_food_menu_app.MenuAppTest
testMain  Time elapsed: 0.001 s  <<< FAILURE!
org.opentest4j.AssertionFailedError: Not yet implemented
	at com.sddvops.fast_food_menu_app.MenuAppTest.testMain(MenuAppTest.java:60)

